<?xml version="1.0" encoding="UTF-8"?>
<!-- Generated by org.testng.reporters.JUnitReportReporter -->
<testsuite skipped="0" hostname="DESKTOP-E190ROJ" name="com.selenium.framework.RegisterPageTest" tests="1" failures="0" timestamp="09 Dec 2018 15:20:43 GMT" time="13.979" errors="0">
  <testcase name="Register_Valid" time="13.979" classname="com.selenium.framework.RegisterPageTest"/>
</testsuite> <!-- com.selenium.framework.RegisterPageTest -->
