<?xml version="1.0" encoding="UTF-8"?>
<!-- Generated by org.testng.reporters.JUnitReportReporter -->
<testsuite skipped="0" hostname="DESKTOP-E190ROJ" name="com.selenium.framework.HomePage" tests="4" failures="0" timestamp="07 Dec 2018 20:09:22 GMT" time="65.825" errors="0">
  <testcase name="basePageNavigation" time="18.911" classname="com.selenium.framework.HomePage"/>
  <testcase name="basePageNavigation" time="16.895" classname="com.selenium.framework.HomePage"/>
  <testcase name="basePageNavigation" time="15.437" classname="com.selenium.framework.HomePage"/>
  <testcase name="basePageNavigation" time="14.582" classname="com.selenium.framework.HomePage"/>
</testsuite> <!-- com.selenium.framework.HomePage -->
