<?xml version="1.0" encoding="UTF-8"?>
<!-- Generated by org.testng.reporters.JUnitReportReporter -->
<testsuite skipped="0" hostname="DESKTOP-E190ROJ" name="com.selenium.framework.HomePage" tests="4" failures="0" timestamp="07 Dec 2018 20:41:50 GMT" time="44.364" errors="0">
  <testcase name="basePageNavigation" time="10.699" classname="com.selenium.framework.HomePage"/>
  <testcase name="basePageNavigation" time="10.991" classname="com.selenium.framework.HomePage"/>
  <testcase name="basePageNavigation" time="11.290" classname="com.selenium.framework.HomePage"/>
  <testcase name="basePageNavigation" time="11.384" classname="com.selenium.framework.HomePage"/>
</testsuite> <!-- com.selenium.framework.HomePage -->
